2022-05-07 16:48:09.127 INFO  com.zs.wikibb.WikibbApplication                   :55  
                [32m                  [0;39m Starting WikibbApplication using Java 1.8.0_221 on LAPTOP-OO2VPQLS with PID 31576 (D:\wikibb\target\classes started by 张硕 in D:\wikibb)
2022-05-07 16:48:09.131 INFO  com.zs.wikibb.WikibbApplication                   :640 
                [32m                  [0;39m No active profile set, falling back to 1 default profile: "default"
2022-05-07 16:48:09.238 INFO  o.s.b.d.env.DevToolsPropertyDefaultsPostProcessor :255 
                [32m                  [0;39m Devtools property defaults active! Set 'spring.devtools.add-properties' to 'false' to disable
2022-05-07 16:48:09.239 INFO  o.s.b.d.env.DevToolsPropertyDefaultsPostProcessor :255 
                [32m                  [0;39m For additional web related logging consider setting the 'logging.level.web' property to 'DEBUG'
2022-05-07 16:48:11.040 INFO  o.s.boot.web.embedded.tomcat.TomcatWebServer      :108 
                [32m                  [0;39m Tomcat initialized with port(s): 8880 (http)
2022-05-07 16:48:11.062 INFO  org.apache.coyote.http11.Http11NioProtocol        :173 
                [32m                  [0;39m Initializing ProtocolHandler ["http-nio-8880"]
2022-05-07 16:48:11.063 INFO  org.apache.catalina.core.StandardService          :173 
                [32m                  [0;39m Starting service [Tomcat]
2022-05-07 16:48:11.063 INFO  org.apache.catalina.core.StandardEngine           :173 
                [32m                  [0;39m Starting Servlet engine: [Apache Tomcat/9.0.60]
2022-05-07 16:48:11.165 INFO  o.a.c.core.ContainerBase.[Tomcat].[localhost].[/] :173 
                [32m                  [0;39m Initializing Spring embedded WebApplicationContext
2022-05-07 16:48:11.165 INFO  o.s.b.w.s.c.ServletWebServerApplicationContext    :290 
                [32m                  [0;39m Root WebApplicationContext: initialization completed in 1924 ms
2022-05-07 16:48:12.001 INFO  o.s.b.d.autoconfigure.OptionalLiveReloadServer    :58  
                [32m                  [0;39m LiveReload server is running on port 35729
2022-05-07 16:48:12.014 INFO  org.apache.coyote.http11.Http11NioProtocol        :173 
                [32m                  [0;39m Starting ProtocolHandler ["http-nio-8880"]
2022-05-07 16:48:12.060 INFO  o.s.boot.web.embedded.tomcat.TomcatWebServer      :220 
                [32m                  [0;39m Tomcat started on port(s): 8880 (http) with context path ''
2022-05-07 16:48:12.076 INFO  com.zs.wikibb.WikibbApplication                   :61  
                [32m                  [0;39m Started WikibbApplication in 3.92 seconds (JVM running for 6.15)
2022-05-07 16:48:12.079 INFO  com.zs.wikibb.WikibbApplication                   :20  
                [32m                  [0;39m 启动成功！！
2022-05-07 16:48:12.079 INFO  com.zs.wikibb.WikibbApplication                   :21  
                [32m                  [0;39m 地址: 	http://127.0.0.1:8880
2022-05-07 16:48:16.782 INFO  o.a.c.core.ContainerBase.[Tomcat].[localhost].[/] :173 
                [32m                  [0;39m Initializing Spring DispatcherServlet 'dispatcherServlet'
2022-05-07 16:48:16.782 INFO  org.springframework.web.servlet.DispatcherServlet :525 
                [32m                  [0;39m Initializing Servlet 'dispatcherServlet'
2022-05-07 16:48:16.783 INFO  org.springframework.web.servlet.DispatcherServlet :547 
                [32m                  [0;39m Completed initialization in 0 ms
2022-05-07 16:48:17.038 INFO  com.zaxxer.hikari.HikariDataSource                :110 
                [32m                  [0;39m HikariPool-1 - Starting...
2022-05-07 16:48:17.355 INFO  com.zaxxer.hikari.HikariDataSource                :123 
                [32m                  [0;39m HikariPool-1 - Start completed.
2022-05-07 18:14:30.720 INFO  com.zaxxer.hikari.HikariDataSource                :350 
                [32m                  [0;39m HikariPool-1 - Shutdown initiated...
2022-05-07 18:14:30.724 INFO  com.zaxxer.hikari.HikariDataSource                :352 
                [32m                  [0;39m HikariPool-1 - Shutdown completed.
2022-05-07 18:14:30.993 INFO  com.zs.wikibb.WikibbApplication                   :55  
                [32m                  [0;39m Starting WikibbApplication using Java 1.8.0_221 on LAPTOP-OO2VPQLS with PID 31576 (D:\wikibb\target\classes started by 张硕 in D:\wikibb)
2022-05-07 18:14:30.994 INFO  com.zs.wikibb.WikibbApplication                   :640 
                [32m                  [0;39m No active profile set, falling back to 1 default profile: "default"
2022-05-07 18:14:31.360 INFO  o.s.boot.web.embedded.tomcat.TomcatWebServer      :108 
                [32m                  [0;39m Tomcat initialized with port(s): 8880 (http)
2022-05-07 18:14:31.361 INFO  org.apache.coyote.http11.Http11NioProtocol        :173 
                [32m                  [0;39m Initializing ProtocolHandler ["http-nio-8880"]
2022-05-07 18:14:31.361 INFO  org.apache.catalina.core.StandardService          :173 
                [32m                  [0;39m Starting service [Tomcat]
2022-05-07 18:14:31.361 INFO  org.apache.catalina.core.StandardEngine           :173 
                [32m                  [0;39m Starting Servlet engine: [Apache Tomcat/9.0.60]
2022-05-07 18:14:31.579 INFO  o.a.c.core.ContainerBase.[Tomcat].[localhost].[/] :173 
                [32m                  [0;39m Initializing Spring embedded WebApplicationContext
2022-05-07 18:14:31.579 INFO  o.s.b.w.s.c.ServletWebServerApplicationContext    :290 
                [32m                  [0;39m Root WebApplicationContext: initialization completed in 580 ms
2022-05-07 18:14:31.662 WARN  o.s.b.w.s.c.AnnotationConfigServletWebServerApplicationContext:591 
                [32m                  [0;39m Exception encountered during context initialization - cancelling refresh attempt: org.springframework.beans.factory.BeanCreationException: Error creating bean with name 'ebookController' defined in file [D:\wikibb\target\classes\com\zs\wikibb\controller\EbookController.class]: Post-processing of merged bean definition failed; nested exception is java.lang.IllegalStateException: Failed to introspect Class [com.zs.wikibb.controller.EbookController] from ClassLoader [org.springframework.boot.devtools.restart.classloader.RestartClassLoader@401e27ca]
2022-05-07 18:14:31.662 INFO  org.apache.catalina.core.StandardService          :173 
                [32m                  [0;39m Stopping service [Tomcat]
2022-05-07 18:14:31.667 INFO  o.s.b.a.l.ConditionEvaluationReportLoggingListener:136 
                [32m                  [0;39m 

Error starting ApplicationContext. To display the conditions report re-run your application with 'debug' enabled.
2022-05-07 18:14:31.709 ERROR org.springframework.boot.SpringApplication        :830 
                [32m                  [0;39m Application run failed
org.springframework.beans.factory.BeanCreationException: Error creating bean with name 'ebookController' defined in file [D:\wikibb\target\classes\com\zs\wikibb\controller\EbookController.class]: Post-processing of merged bean definition failed; nested exception is java.lang.IllegalStateException: Failed to introspect Class [com.zs.wikibb.controller.EbookController] from ClassLoader [org.springframework.boot.devtools.restart.classloader.RestartClassLoader@401e27ca]
	at org.springframework.beans.factory.support.AbstractAutowireCapableBeanFactory.doCreateBean(AbstractAutowireCapableBeanFactory.java:597)
	at org.springframework.beans.factory.support.AbstractAutowireCapableBeanFactory.createBean(AbstractAutowireCapableBeanFactory.java:542)
	at org.springframework.beans.factory.support.AbstractBeanFactory.lambda$doGetBean$0(AbstractBeanFactory.java:335)
	at org.springframework.beans.factory.support.DefaultSingletonBeanRegistry.getSingleton(DefaultSingletonBeanRegistry.java:234)
	at org.springframework.beans.factory.support.AbstractBeanFactory.doGetBean(AbstractBeanFactory.java:333)
	at org.springframework.beans.factory.support.AbstractBeanFactory.getBean(AbstractBeanFactory.java:208)
	at org.springframework.beans.factory.support.DefaultListableBeanFactory.preInstantiateSingletons(DefaultListableBeanFactory.java:953)
	at org.springframework.context.support.AbstractApplicationContext.finishBeanFactoryInitialization(AbstractApplicationContext.java:918)
	at org.springframework.context.support.AbstractApplicationContext.refresh(AbstractApplicationContext.java:583)
	at org.springframework.boot.web.servlet.context.ServletWebServerApplicationContext.refresh(ServletWebServerApplicationContext.java:145)
	at org.springframework.boot.SpringApplication.refresh(SpringApplication.java:740)
	at org.springframework.boot.SpringApplication.refreshContext(SpringApplication.java:415)
	at org.springframework.boot.SpringApplication.run(SpringApplication.java:303)
	at com.zs.wikibb.WikibbApplication.main(WikibbApplication.java:19)
	at sun.reflect.NativeMethodAccessorImpl.invoke0(Native Method)
	at sun.reflect.NativeMethodAccessorImpl.invoke(NativeMethodAccessorImpl.java:62)
	at sun.reflect.DelegatingMethodAccessorImpl.invoke(DelegatingMethodAccessorImpl.java:43)
	at java.lang.reflect.Method.invoke(Method.java:498)
	at org.springframework.boot.devtools.restart.RestartLauncher.run(RestartLauncher.java:49)
Caused by: java.lang.IllegalStateException: Failed to introspect Class [com.zs.wikibb.controller.EbookController] from ClassLoader [org.springframework.boot.devtools.restart.classloader.RestartClassLoader@401e27ca]
	at org.springframework.util.ReflectionUtils.getDeclaredFields(ReflectionUtils.java:743)
	at org.springframework.util.ReflectionUtils.doWithLocalFields(ReflectionUtils.java:675)
	at org.springframework.context.annotation.CommonAnnotationBeanPostProcessor.buildResourceMetadata(CommonAnnotationBeanPostProcessor.java:377)
	at org.springframework.context.annotation.CommonAnnotationBeanPostProcessor.findResourceMetadata(CommonAnnotationBeanPostProcessor.java:358)
	at org.springframework.context.annotation.CommonAnnotationBeanPostProcessor.postProcessMergedBeanDefinition(CommonAnnotationBeanPostProcessor.java:306)
	at org.springframework.beans.factory.support.AbstractAutowireCapableBeanFactory.applyMergedBeanDefinitionPostProcessors(AbstractAutowireCapableBeanFactory.java:1116)
	at org.springframework.beans.factory.support.AbstractAutowireCapableBeanFactory.doCreateBean(AbstractAutowireCapableBeanFactory.java:594)
	... 18 common frames omitted
Caused by: java.lang.NoClassDefFoundError: Lcom/zs/wikibb/service/EbookService;
	at java.lang.Class.getDeclaredFields0(Native Method)
	at java.lang.Class.privateGetDeclaredFields(Class.java:2583)
	at java.lang.Class.getDeclaredFields(Class.java:1916)
	at org.springframework.util.ReflectionUtils.getDeclaredFields(ReflectionUtils.java:738)
	... 24 common frames omitted
Caused by: java.lang.ClassNotFoundException: com.zs.wikibb.service.EbookService
	at java.net.URLClassLoader.findClass(URLClassLoader.java:382)
	at java.lang.ClassLoader.loadClass(ClassLoader.java:424)
	at sun.misc.Launcher$AppClassLoader.loadClass(Launcher.java:349)
	at java.lang.ClassLoader.loadClass(ClassLoader.java:357)
	at java.lang.Class.forName0(Native Method)
	at java.lang.Class.forName(Class.java:348)
	at org.springframework.boot.devtools.restart.classloader.RestartClassLoader.loadClass(RestartClassLoader.java:145)
	at java.lang.ClassLoader.loadClass(ClassLoader.java:357)
	... 28 common frames omitted
2022-05-07 18:16:35.955 INFO  com.zs.wikibb.WikibbApplication                   :55  
                [32m                  [0;39m Starting WikibbApplication using Java 1.8.0_221 on LAPTOP-OO2VPQLS with PID 31576 (D:\wikibb\target\classes started by 张硕 in D:\wikibb)
2022-05-07 18:16:35.955 INFO  com.zs.wikibb.WikibbApplication                   :640 
                [32m                  [0;39m No active profile set, falling back to 1 default profile: "default"
2022-05-07 18:16:36.321 INFO  o.s.boot.web.embedded.tomcat.TomcatWebServer      :108 
                [32m                  [0;39m Tomcat initialized with port(s): 8880 (http)
2022-05-07 18:16:36.323 INFO  org.apache.coyote.http11.Http11NioProtocol        :173 
                [32m                  [0;39m Initializing ProtocolHandler ["http-nio-8880"]
2022-05-07 18:16:36.324 INFO  org.apache.catalina.core.StandardService          :173 
                [32m                  [0;39m Starting service [Tomcat]
2022-05-07 18:16:36.324 INFO  org.apache.catalina.core.StandardEngine           :173 
                [32m                  [0;39m Starting Servlet engine: [Apache Tomcat/9.0.60]
2022-05-07 18:16:36.375 INFO  o.a.c.c.ContainerBase.[Tomcat-1].[localhost].[/]  :173 
                [32m                  [0;39m Initializing Spring embedded WebApplicationContext
2022-05-07 18:16:36.375 INFO  o.s.b.w.s.c.ServletWebServerApplicationContext    :290 
                [32m                  [0;39m Root WebApplicationContext: initialization completed in 415 ms
2022-05-07 18:16:36.568 INFO  o.s.b.d.autoconfigure.OptionalLiveReloadServer    :58  
                [32m                  [0;39m LiveReload server is running on port 35729
2022-05-07 18:16:36.578 INFO  org.apache.coyote.http11.Http11NioProtocol        :173 
                [32m                  [0;39m Starting ProtocolHandler ["http-nio-8880"]
2022-05-07 18:16:36.581 INFO  o.s.boot.web.embedded.tomcat.TomcatWebServer      :220 
                [32m                  [0;39m Tomcat started on port(s): 8880 (http) with context path ''
2022-05-07 18:16:36.588 INFO  com.zs.wikibb.WikibbApplication                   :61  
                [32m                  [0;39m Started WikibbApplication in 0.669 seconds (JVM running for 5310.662)
2022-05-07 18:16:36.591 INFO  o.s.b.d.a.ConditionEvaluationDeltaLoggingListener :63  
                [32m                  [0;39m Condition evaluation unchanged
2022-05-07 18:16:36.591 INFO  com.zs.wikibb.WikibbApplication                   :20  
                [32m                  [0;39m 启动成功！！
2022-05-07 18:16:36.592 INFO  com.zs.wikibb.WikibbApplication                   :21  
                [32m                  [0;39m 地址: 	http://127.0.0.1:8880
2022-05-07 18:16:43.395 INFO  o.a.c.c.ContainerBase.[Tomcat-1].[localhost].[/]  :173 
                [32m                  [0;39m Initializing Spring DispatcherServlet 'dispatcherServlet'
2022-05-07 18:16:43.396 INFO  org.springframework.web.servlet.DispatcherServlet :525 
                [32m                  [0;39m Initializing Servlet 'dispatcherServlet'
2022-05-07 18:16:43.397 INFO  org.springframework.web.servlet.DispatcherServlet :547 
                [32m                  [0;39m Completed initialization in 1 ms
2022-05-07 18:16:43.409 INFO  com.zaxxer.hikari.HikariDataSource                :110 
                [32m                  [0;39m HikariPool-2 - Starting...
2022-05-07 18:16:43.417 INFO  com.zaxxer.hikari.HikariDataSource                :123 
                [32m                  [0;39m HikariPool-2 - Start completed.
2022-05-07 18:16:44.848 INFO  com.zaxxer.hikari.HikariDataSource                :350 
                [32m                  [0;39m HikariPool-2 - Shutdown initiated...
2022-05-07 18:16:44.855 INFO  com.zaxxer.hikari.HikariDataSource                :352 
                [32m                  [0;39m HikariPool-2 - Shutdown completed.
2022-05-07 18:16:45.043 INFO  com.zs.wikibb.WikibbApplication                   :55  
                [32m                  [0;39m Starting WikibbApplication using Java 1.8.0_221 on LAPTOP-OO2VPQLS with PID 31576 (D:\wikibb\target\classes started by 张硕 in D:\wikibb)
2022-05-07 18:16:45.044 INFO  com.zs.wikibb.WikibbApplication                   :640 
                [32m                  [0;39m No active profile set, falling back to 1 default profile: "default"
2022-05-07 18:16:45.275 INFO  o.s.boot.web.embedded.tomcat.TomcatWebServer      :108 
                [32m                  [0;39m Tomcat initialized with port(s): 8880 (http)
2022-05-07 18:16:45.275 INFO  org.apache.coyote.http11.Http11NioProtocol        :173 
                [32m                  [0;39m Initializing ProtocolHandler ["http-nio-8880"]
2022-05-07 18:16:45.276 INFO  org.apache.catalina.core.StandardService          :173 
                [32m                  [0;39m Starting service [Tomcat]
2022-05-07 18:16:45.277 INFO  org.apache.catalina.core.StandardEngine           :173 
                [32m                  [0;39m Starting Servlet engine: [Apache Tomcat/9.0.60]
2022-05-07 18:16:45.306 INFO  o.a.c.c.ContainerBase.[Tomcat-1].[localhost].[/]  :173 
                [32m                  [0;39m Initializing Spring embedded WebApplicationContext
2022-05-07 18:16:45.306 INFO  o.s.b.w.s.c.ServletWebServerApplicationContext    :290 
                [32m                  [0;39m Root WebApplicationContext: initialization completed in 259 ms
2022-05-07 18:16:45.498 INFO  o.s.b.d.autoconfigure.OptionalLiveReloadServer    :58  
                [32m                  [0;39m LiveReload server is running on port 35729
2022-05-07 18:16:45.506 INFO  org.apache.coyote.http11.Http11NioProtocol        :173 
                [32m                  [0;39m Starting ProtocolHandler ["http-nio-8880"]
2022-05-07 18:16:45.510 INFO  o.s.boot.web.embedded.tomcat.TomcatWebServer      :220 
                [32m                  [0;39m Tomcat started on port(s): 8880 (http) with context path ''
2022-05-07 18:16:45.516 INFO  com.zs.wikibb.WikibbApplication                   :61  
                [32m                  [0;39m Started WikibbApplication in 0.515 seconds (JVM running for 5319.59)
2022-05-07 18:16:45.518 INFO  o.s.b.d.a.ConditionEvaluationDeltaLoggingListener :63  
                [32m                  [0;39m Condition evaluation unchanged
2022-05-07 18:16:45.519 INFO  com.zs.wikibb.WikibbApplication                   :20  
                [32m                  [0;39m 启动成功！！
2022-05-07 18:16:45.520 INFO  com.zs.wikibb.WikibbApplication                   :21  
                [32m                  [0;39m 地址: 	http://127.0.0.1:8880
2022-05-07 18:16:47.669 INFO  com.zs.wikibb.WikibbApplication                   :55  
                [32m                  [0;39m Starting WikibbApplication using Java 1.8.0_221 on LAPTOP-OO2VPQLS with PID 31576 (D:\wikibb\target\classes started by 张硕 in D:\wikibb)
2022-05-07 18:16:47.670 INFO  com.zs.wikibb.WikibbApplication                   :640 
                [32m                  [0;39m No active profile set, falling back to 1 default profile: "default"
2022-05-07 18:16:47.924 INFO  o.s.boot.web.embedded.tomcat.TomcatWebServer      :108 
                [32m                  [0;39m Tomcat initialized with port(s): 8880 (http)
2022-05-07 18:16:47.925 INFO  org.apache.coyote.http11.Http11NioProtocol        :173 
                [32m                  [0;39m Initializing ProtocolHandler ["http-nio-8880"]
2022-05-07 18:16:47.925 INFO  org.apache.catalina.core.StandardService          :173 
                [32m                  [0;39m Starting service [Tomcat]
2022-05-07 18:16:47.925 INFO  org.apache.catalina.core.StandardEngine           :173 
                [32m                  [0;39m Starting Servlet engine: [Apache Tomcat/9.0.60]
2022-05-07 18:16:47.959 INFO  o.a.c.c.ContainerBase.[Tomcat-1].[localhost].[/]  :173 
                [32m                  [0;39m Initializing Spring embedded WebApplicationContext
2022-05-07 18:16:47.959 INFO  o.s.b.w.s.c.ServletWebServerApplicationContext    :290 
                [32m                  [0;39m Root WebApplicationContext: initialization completed in 287 ms
2022-05-07 18:16:48.102 INFO  o.s.b.d.autoconfigure.OptionalLiveReloadServer    :58  
                [32m                  [0;39m LiveReload server is running on port 35729
2022-05-07 18:16:48.110 INFO  org.apache.coyote.http11.Http11NioProtocol        :173 
                [32m                  [0;39m Starting ProtocolHandler ["http-nio-8880"]
2022-05-07 18:16:48.113 INFO  o.s.boot.web.embedded.tomcat.TomcatWebServer      :220 
                [32m                  [0;39m Tomcat started on port(s): 8880 (http) with context path ''
2022-05-07 18:16:48.118 INFO  com.zs.wikibb.WikibbApplication                   :61  
                [32m                  [0;39m Started WikibbApplication in 0.488 seconds (JVM running for 5322.192)
2022-05-07 18:16:48.120 INFO  o.s.b.d.a.ConditionEvaluationDeltaLoggingListener :63  
                [32m                  [0;39m Condition evaluation unchanged
2022-05-07 18:16:48.120 INFO  com.zs.wikibb.WikibbApplication                   :20  
                [32m                  [0;39m 启动成功！！
2022-05-07 18:16:48.121 INFO  com.zs.wikibb.WikibbApplication                   :21  
                [32m                  [0;39m 地址: 	http://127.0.0.1:8880
2022-05-07 18:17:21.632 INFO  o.a.c.c.ContainerBase.[Tomcat-1].[localhost].[/]  :173 
                [32m                  [0;39m Initializing Spring DispatcherServlet 'dispatcherServlet'
2022-05-07 18:17:21.633 INFO  org.springframework.web.servlet.DispatcherServlet :525 
                [32m                  [0;39m Initializing Servlet 'dispatcherServlet'
2022-05-07 18:17:21.636 INFO  org.springframework.web.servlet.DispatcherServlet :547 
                [32m                  [0;39m Completed initialization in 2 ms
2022-05-07 18:17:21.641 INFO  com.zaxxer.hikari.HikariDataSource                :110 
                [32m                  [0;39m HikariPool-3 - Starting...
2022-05-07 18:17:21.649 INFO  com.zaxxer.hikari.HikariDataSource                :123 
                [32m                  [0;39m HikariPool-3 - Start completed.
