2022-04-21 09:08:42.564 INFO  com.zs.wikibb.WikibbApplication                   :55  
                [32m                  [0;39m Starting WikibbApplication using Java 1.8.0_221 on LAPTOP-OO2VPQLS with PID 5276 (D:\wikibb\target\classes started by 张硕 in D:\wikibb)
2022-04-21 09:08:42.567 INFO  com.zs.wikibb.WikibbApplication                   :640 
                [32m                  [0;39m No active profile set, falling back to 1 default profile: "default"
2022-04-21 09:08:43.389 INFO  o.s.boot.web.embedded.tomcat.TomcatWebServer      :108 
                [32m                  [0;39m Tomcat initialized with port(s): 8080 (http)
2022-04-21 09:08:43.397 INFO  org.apache.coyote.http11.Http11NioProtocol        :173 
                [32m                  [0;39m Initializing ProtocolHandler ["http-nio-8080"]
2022-04-21 09:08:43.398 INFO  org.apache.catalina.core.StandardService          :173 
                [32m                  [0;39m Starting service [Tomcat]
2022-04-21 09:08:43.398 INFO  org.apache.catalina.core.StandardEngine           :173 
                [32m                  [0;39m Starting Servlet engine: [Apache Tomcat/9.0.60]
2022-04-21 09:08:43.860 INFO  o.a.c.core.ContainerBase.[Tomcat].[localhost].[/] :173 
                [32m                  [0;39m Initializing Spring embedded WebApplicationContext
2022-04-21 09:08:43.860 INFO  o.s.b.w.s.c.ServletWebServerApplicationContext    :290 
                [32m                  [0;39m Root WebApplicationContext: initialization completed in 1246 ms
2022-04-21 09:08:44.162 INFO  org.apache.coyote.http11.Http11NioProtocol        :173 
                [32m                  [0;39m Starting ProtocolHandler ["http-nio-8080"]
2022-04-21 09:08:44.176 INFO  o.s.boot.web.embedded.tomcat.TomcatWebServer      :220 
                [32m                  [0;39m Tomcat started on port(s): 8080 (http) with context path ''
2022-04-21 09:08:44.199 INFO  com.zs.wikibb.WikibbApplication                   :61  
                [32m                  [0;39m Started WikibbApplication in 2.385 seconds (JVM running for 4.129)
2022-04-21 09:09:41.424 INFO  com.zs.wikibb.WikibbApplication                   :55  
                [32m                  [0;39m Starting WikibbApplication using Java 1.8.0_221 on LAPTOP-OO2VPQLS with PID 17188 (D:\wikibb\target\classes started by 张硕 in D:\wikibb)
2022-04-21 09:09:41.428 INFO  com.zs.wikibb.WikibbApplication                   :640 
                [32m                  [0;39m No active profile set, falling back to 1 default profile: "default"
2022-04-21 09:09:42.155 INFO  o.s.boot.web.embedded.tomcat.TomcatWebServer      :108 
                [32m                  [0;39m Tomcat initialized with port(s): 8880 (http)
2022-04-21 09:09:42.162 INFO  org.apache.coyote.http11.Http11NioProtocol        :173 
                [32m                  [0;39m Initializing ProtocolHandler ["http-nio-8880"]
2022-04-21 09:09:42.162 INFO  org.apache.catalina.core.StandardService          :173 
                [32m                  [0;39m Starting service [Tomcat]
2022-04-21 09:09:42.163 INFO  org.apache.catalina.core.StandardEngine           :173 
                [32m                  [0;39m Starting Servlet engine: [Apache Tomcat/9.0.60]
2022-04-21 09:09:42.293 INFO  o.a.c.core.ContainerBase.[Tomcat].[localhost].[/] :173 
                [32m                  [0;39m Initializing Spring embedded WebApplicationContext
2022-04-21 09:09:42.294 INFO  o.s.b.w.s.c.ServletWebServerApplicationContext    :290 
                [32m                  [0;39m Root WebApplicationContext: initialization completed in 820 ms
2022-04-21 09:09:42.504 INFO  org.apache.coyote.http11.Http11NioProtocol        :173 
                [32m                  [0;39m Starting ProtocolHandler ["http-nio-8880"]
2022-04-21 09:09:42.516 INFO  o.s.boot.web.embedded.tomcat.TomcatWebServer      :220 
                [32m                  [0;39m Tomcat started on port(s): 8880 (http) with context path ''
2022-04-21 09:09:42.523 INFO  com.zs.wikibb.WikibbApplication                   :61  
                [32m                  [0;39m Started WikibbApplication in 1.63 seconds (JVM running for 2.63)
2022-04-21 09:13:31.734 INFO  com.zs.wikibb.WikibbApplication                   :55  
                [32m                  [0;39m Starting WikibbApplication using Java 1.8.0_221 on LAPTOP-OO2VPQLS with PID 12996 (D:\wikibb\target\classes started by 张硕 in D:\wikibb)
2022-04-21 09:13:31.738 INFO  com.zs.wikibb.WikibbApplication                   :640 
                [32m                  [0;39m No active profile set, falling back to 1 default profile: "default"
2022-04-21 09:13:32.399 INFO  o.s.boot.web.embedded.tomcat.TomcatWebServer      :108 
                [32m                  [0;39m Tomcat initialized with port(s): 8880 (http)
2022-04-21 09:13:32.405 INFO  org.apache.coyote.http11.Http11NioProtocol        :173 
                [32m                  [0;39m Initializing ProtocolHandler ["http-nio-8880"]
2022-04-21 09:13:32.406 INFO  org.apache.catalina.core.StandardService          :173 
                [32m                  [0;39m Starting service [Tomcat]
2022-04-21 09:13:32.406 INFO  org.apache.catalina.core.StandardEngine           :173 
                [32m                  [0;39m Starting Servlet engine: [Apache Tomcat/9.0.60]
2022-04-21 09:13:32.529 INFO  o.a.c.core.ContainerBase.[Tomcat].[localhost].[/] :173 
                [32m                  [0;39m Initializing Spring embedded WebApplicationContext
2022-04-21 09:13:32.530 INFO  o.s.b.w.s.c.ServletWebServerApplicationContext    :290 
                [32m                  [0;39m Root WebApplicationContext: initialization completed in 745 ms
2022-04-21 09:13:32.799 INFO  org.apache.coyote.http11.Http11NioProtocol        :173 
                [32m                  [0;39m Starting ProtocolHandler ["http-nio-8880"]
2022-04-21 09:13:32.814 INFO  o.s.boot.web.embedded.tomcat.TomcatWebServer      :220 
                [32m                  [0;39m Tomcat started on port(s): 8880 (http) with context path ''
2022-04-21 09:13:32.821 INFO  com.zs.wikibb.WikibbApplication                   :61  
                [32m                  [0;39m Started WikibbApplication in 1.571 seconds (JVM running for 2.551)
2022-04-21 09:13:32.823 INFO  com.zs.wikibb.WikibbApplication                   :17  
                [32m                  [0;39m 启动成功！！
2022-04-21 09:13:32.823 INFO  com.zs.wikibb.WikibbApplication                   :18  
                [32m                  [0;39m 地址: 	http://127.0.0.1:8880
2022-04-21 09:15:01.811 INFO  com.zs.wikibb.WikibbApplication                   :55  
                [32m                  [0;39m Starting WikibbApplication using Java 1.8.0_221 on LAPTOP-OO2VPQLS with PID 7156 (D:\wikibb\target\classes started by 张硕 in D:\wikibb)
2022-04-21 09:15:01.814 INFO  com.zs.wikibb.WikibbApplication                   :640 
                [32m                  [0;39m No active profile set, falling back to 1 default profile: "default"
2022-04-21 09:15:02.464 INFO  o.s.boot.web.embedded.tomcat.TomcatWebServer      :108 
                [32m                  [0;39m Tomcat initialized with port(s): 8880 (http)
2022-04-21 09:15:02.471 INFO  org.apache.coyote.http11.Http11NioProtocol        :173 
                [32m                  [0;39m Initializing ProtocolHandler ["http-nio-8880"]
2022-04-21 09:15:02.472 INFO  org.apache.catalina.core.StandardService          :173 
                [32m                  [0;39m Starting service [Tomcat]
2022-04-21 09:15:02.472 INFO  org.apache.catalina.core.StandardEngine           :173 
                [32m                  [0;39m Starting Servlet engine: [Apache Tomcat/9.0.60]
2022-04-21 09:15:02.583 INFO  o.a.c.core.ContainerBase.[Tomcat].[localhost].[/] :173 
                [32m                  [0;39m Initializing Spring embedded WebApplicationContext
2022-04-21 09:15:02.583 INFO  o.s.b.w.s.c.ServletWebServerApplicationContext    :290 
                [32m                  [0;39m Root WebApplicationContext: initialization completed in 729 ms
2022-04-21 09:15:02.794 INFO  org.apache.coyote.http11.Http11NioProtocol        :173 
                [32m                  [0;39m Starting ProtocolHandler ["http-nio-8880"]
2022-04-21 09:15:02.806 INFO  o.s.boot.web.embedded.tomcat.TomcatWebServer      :220 
                [32m                  [0;39m Tomcat started on port(s): 8880 (http) with context path ''
2022-04-21 09:15:02.813 INFO  com.zs.wikibb.WikibbApplication                   :61  
                [32m                  [0;39m Started WikibbApplication in 1.508 seconds (JVM running for 2.569)
2022-04-21 09:15:02.815 INFO  com.zs.wikibb.WikibbApplication                   :17  
                [32m                  [0;39m 启动成功！！
2022-04-21 09:15:02.815 INFO  com.zs.wikibb.WikibbApplication                   :18  
                [32m                  [0;39m 地址: 	http://127.0.0.1:8880
2022-04-21 09:18:31.062 INFO  com.zs.wikibb.WikibbApplication                   :55  
                [32m                  [0;39m Starting WikibbApplication using Java 1.8.0_221 on LAPTOP-OO2VPQLS with PID 16388 (D:\wikibb\target\classes started by 张硕 in D:\wikibb)
2022-04-21 09:18:31.066 INFO  com.zs.wikibb.WikibbApplication                   :640 
                [32m                  [0;39m No active profile set, falling back to 1 default profile: "default"
2022-04-21 09:18:31.774 INFO  o.s.boot.web.embedded.tomcat.TomcatWebServer      :108 
                [32m                  [0;39m Tomcat initialized with port(s): 8880 (http)
2022-04-21 09:18:31.781 INFO  org.apache.coyote.http11.Http11NioProtocol        :173 
                [32m                  [0;39m Initializing ProtocolHandler ["http-nio-8880"]
2022-04-21 09:18:31.786 INFO  org.apache.catalina.core.StandardService          :173 
                [32m                  [0;39m Starting service [Tomcat]
2022-04-21 09:18:31.787 INFO  org.apache.catalina.core.StandardEngine           :173 
                [32m                  [0;39m Starting Servlet engine: [Apache Tomcat/9.0.60]
2022-04-21 09:18:31.911 INFO  o.a.c.core.ContainerBase.[Tomcat].[localhost].[/] :173 
                [32m                  [0;39m Initializing Spring embedded WebApplicationContext
2022-04-21 09:18:31.912 INFO  o.s.b.w.s.c.ServletWebServerApplicationContext    :290 
                [32m                  [0;39m Root WebApplicationContext: initialization completed in 798 ms
2022-04-21 09:18:32.145 INFO  org.apache.coyote.http11.Http11NioProtocol        :173 
                [32m                  [0;39m Starting ProtocolHandler ["http-nio-8880"]
2022-04-21 09:18:32.159 INFO  o.s.boot.web.embedded.tomcat.TomcatWebServer      :220 
                [32m                  [0;39m Tomcat started on port(s): 8880 (http) with context path ''
2022-04-21 09:18:32.166 INFO  com.zs.wikibb.WikibbApplication                   :61  
                [32m                  [0;39m Started WikibbApplication in 1.601 seconds (JVM running for 2.6)
2022-04-21 09:18:32.168 INFO  com.zs.wikibb.WikibbApplication                   :17  
                [32m                  [0;39m 启动成功！！
2022-04-21 09:18:32.169 INFO  com.zs.wikibb.WikibbApplication                   :18  
                [32m                  [0;39m 地址: 	http://127.0.0.1:8880
2022-04-21 09:18:34.027 INFO  o.a.c.core.ContainerBase.[Tomcat].[localhost].[/] :173 
                [32m                  [0;39m Initializing Spring DispatcherServlet 'dispatcherServlet'
2022-04-21 09:18:34.028 INFO  org.springframework.web.servlet.DispatcherServlet :525 
                [32m                  [0;39m Initializing Servlet 'dispatcherServlet'
2022-04-21 09:18:34.029 INFO  org.springframework.web.servlet.DispatcherServlet :547 
                [32m                  [0;39m Completed initialization in 1 ms
2022-04-21 09:27:43.692 INFO  com.zs.wikibb.WikibbApplication                   :55  
                [32m                  [0;39m Starting WikibbApplication using Java 1.8.0_221 on LAPTOP-OO2VPQLS with PID 16884 (D:\wikibb\target\classes started by 张硕 in D:\wikibb)
2022-04-21 09:27:43.696 INFO  com.zs.wikibb.WikibbApplication                   :640 
                [32m                  [0;39m No active profile set, falling back to 1 default profile: "default"
2022-04-21 09:27:44.412 INFO  o.s.boot.web.embedded.tomcat.TomcatWebServer      :108 
                [32m                  [0;39m Tomcat initialized with port(s): 8880 (http)
2022-04-21 09:27:44.423 INFO  org.apache.coyote.http11.Http11NioProtocol        :173 
                [32m                  [0;39m Initializing ProtocolHandler ["http-nio-8880"]
2022-04-21 09:27:44.424 INFO  org.apache.catalina.core.StandardService          :173 
                [32m                  [0;39m Starting service [Tomcat]
2022-04-21 09:27:44.424 INFO  org.apache.catalina.core.StandardEngine           :173 
                [32m                  [0;39m Starting Servlet engine: [Apache Tomcat/9.0.60]
2022-04-21 09:27:44.543 INFO  o.a.c.core.ContainerBase.[Tomcat].[localhost].[/] :173 
                [32m                  [0;39m Initializing Spring embedded WebApplicationContext
2022-04-21 09:27:44.544 INFO  o.s.b.w.s.c.ServletWebServerApplicationContext    :290 
                [32m                  [0;39m Root WebApplicationContext: initialization completed in 796 ms
2022-04-21 09:27:44.783 INFO  org.apache.coyote.http11.Http11NioProtocol        :173 
                [32m                  [0;39m Starting ProtocolHandler ["http-nio-8880"]
2022-04-21 09:27:44.797 INFO  o.s.boot.web.embedded.tomcat.TomcatWebServer      :220 
                [32m                  [0;39m Tomcat started on port(s): 8880 (http) with context path ''
2022-04-21 09:27:44.804 INFO  com.zs.wikibb.WikibbApplication                   :61  
                [32m                  [0;39m Started WikibbApplication in 1.642 seconds (JVM running for 2.724)
2022-04-21 09:27:44.806 INFO  com.zs.wikibb.WikibbApplication                   :17  
                [32m                  [0;39m 启动成功！！
2022-04-21 09:27:44.806 INFO  com.zs.wikibb.WikibbApplication                   :18  
                [32m                  [0;39m 地址: 	http://127.0.0.1:8880
2022-04-21 09:27:47.316 INFO  o.a.c.core.ContainerBase.[Tomcat].[localhost].[/] :173 
                [32m                  [0;39m Initializing Spring DispatcherServlet 'dispatcherServlet'
2022-04-21 09:27:47.317 INFO  org.springframework.web.servlet.DispatcherServlet :525 
                [32m                  [0;39m Initializing Servlet 'dispatcherServlet'
2022-04-21 09:27:47.319 INFO  org.springframework.web.servlet.DispatcherServlet :547 
                [32m                  [0;39m Completed initialization in 2 ms
2022-04-21 09:31:47.776 INFO  com.zs.wikibb.WikibbApplication                   :55  
                [32m                  [0;39m Starting WikibbApplication using Java 1.8.0_221 on LAPTOP-OO2VPQLS with PID 5052 (D:\wikibb\target\classes started by 张硕 in D:\wikibb)
2022-04-21 09:31:47.780 INFO  com.zs.wikibb.WikibbApplication                   :640 
                [32m                  [0;39m No active profile set, falling back to 1 default profile: "default"
2022-04-21 09:31:48.529 INFO  o.s.boot.web.embedded.tomcat.TomcatWebServer      :108 
                [32m                  [0;39m Tomcat initialized with port(s): 8880 (http)
2022-04-21 09:31:48.540 INFO  org.apache.coyote.http11.Http11NioProtocol        :173 
                [32m                  [0;39m Initializing ProtocolHandler ["http-nio-8880"]
2022-04-21 09:31:48.541 INFO  org.apache.catalina.core.StandardService          :173 
                [32m                  [0;39m Starting service [Tomcat]
2022-04-21 09:31:48.541 INFO  org.apache.catalina.core.StandardEngine           :173 
                [32m                  [0;39m Starting Servlet engine: [Apache Tomcat/9.0.60]
2022-04-21 09:31:48.680 INFO  o.a.c.core.ContainerBase.[Tomcat].[localhost].[/] :173 
                [32m                  [0;39m Initializing Spring embedded WebApplicationContext
2022-04-21 09:31:48.681 INFO  o.s.b.w.s.c.ServletWebServerApplicationContext    :290 
                [32m                  [0;39m Root WebApplicationContext: initialization completed in 848 ms
2022-04-21 09:31:48.927 INFO  org.apache.coyote.http11.Http11NioProtocol        :173 
                [32m                  [0;39m Starting ProtocolHandler ["http-nio-8880"]
2022-04-21 09:31:48.941 INFO  o.s.boot.web.embedded.tomcat.TomcatWebServer      :220 
                [32m                  [0;39m Tomcat started on port(s): 8880 (http) with context path ''
2022-04-21 09:31:48.949 INFO  com.zs.wikibb.WikibbApplication                   :61  
                [32m                  [0;39m Started WikibbApplication in 1.733 seconds (JVM running for 2.88)
2022-04-21 09:31:48.951 INFO  com.zs.wikibb.WikibbApplication                   :17  
                [32m                  [0;39m 启动成功！！
2022-04-21 09:31:48.951 INFO  com.zs.wikibb.WikibbApplication                   :18  
                [32m                  [0;39m 地址: 	http://127.0.0.1:8880
2022-04-21 09:31:52.916 INFO  o.a.c.core.ContainerBase.[Tomcat].[localhost].[/] :173 
                [32m                  [0;39m Initializing Spring DispatcherServlet 'dispatcherServlet'
2022-04-21 09:31:52.916 INFO  org.springframework.web.servlet.DispatcherServlet :525 
                [32m                  [0;39m Initializing Servlet 'dispatcherServlet'
2022-04-21 09:31:52.916 INFO  org.springframework.web.servlet.DispatcherServlet :547 
                [32m                  [0;39m Completed initialization in 0 ms
2022-04-21 09:45:19.457 INFO  com.zs.wikibb.WikibbApplication                   :55  
                [32m                  [0;39m Starting WikibbApplication using Java 1.8.0_221 on LAPTOP-OO2VPQLS with PID 18984 (D:\wikibb\target\classes started by 张硕 in D:\wikibb)
2022-04-21 09:45:19.461 INFO  com.zs.wikibb.WikibbApplication                   :640 
                [32m                  [0;39m No active profile set, falling back to 1 default profile: "default"
2022-04-21 09:45:20.220 INFO  o.s.boot.web.embedded.tomcat.TomcatWebServer      :108 
                [32m                  [0;39m Tomcat initialized with port(s): 8880 (http)
2022-04-21 09:45:20.227 INFO  org.apache.coyote.http11.Http11NioProtocol        :173 
                [32m                  [0;39m Initializing ProtocolHandler ["http-nio-8880"]
2022-04-21 09:45:20.227 INFO  org.apache.catalina.core.StandardService          :173 
                [32m                  [0;39m Starting service [Tomcat]
2022-04-21 09:45:20.228 INFO  org.apache.catalina.core.StandardEngine           :173 
                [32m                  [0;39m Starting Servlet engine: [Apache Tomcat/9.0.60]
2022-04-21 09:45:20.352 INFO  o.a.c.core.ContainerBase.[Tomcat].[localhost].[/] :173 
                [32m                  [0;39m Initializing Spring embedded WebApplicationContext
2022-04-21 09:45:20.352 INFO  o.s.b.w.s.c.ServletWebServerApplicationContext    :290 
                [32m                  [0;39m Root WebApplicationContext: initialization completed in 841 ms
2022-04-21 09:45:20.597 INFO  org.apache.coyote.http11.Http11NioProtocol        :173 
                [32m                  [0;39m Starting ProtocolHandler ["http-nio-8880"]
2022-04-21 09:45:20.611 INFO  o.s.boot.web.embedded.tomcat.TomcatWebServer      :220 
                [32m                  [0;39m Tomcat started on port(s): 8880 (http) with context path ''
2022-04-21 09:45:20.619 INFO  com.zs.wikibb.WikibbApplication                   :61  
                [32m                  [0;39m Started WikibbApplication in 1.832 seconds (JVM running for 2.926)
2022-04-21 09:45:20.621 INFO  com.zs.wikibb.WikibbApplication                   :17  
                [32m                  [0;39m 启动成功！！
2022-04-21 09:45:20.621 INFO  com.zs.wikibb.WikibbApplication                   :18  
                [32m                  [0;39m 地址: 	http://127.0.0.1:8880
2022-04-21 09:45:31.588 INFO  com.zs.wikibb.WikibbApplication                   :55  
                [32m                  [0;39m Starting WikibbApplication using Java 1.8.0_221 on LAPTOP-OO2VPQLS with PID 19444 (D:\wikibb\target\classes started by 张硕 in D:\wikibb)
2022-04-21 09:45:31.591 INFO  com.zs.wikibb.WikibbApplication                   :640 
                [32m                  [0;39m No active profile set, falling back to 1 default profile: "default"
2022-04-21 09:45:32.321 INFO  o.s.boot.web.embedded.tomcat.TomcatWebServer      :108 
                [32m                  [0;39m Tomcat initialized with port(s): 8882 (http)
2022-04-21 09:45:32.328 INFO  org.apache.coyote.http11.Http11NioProtocol        :173 
                [32m                  [0;39m Initializing ProtocolHandler ["http-nio-8882"]
2022-04-21 09:45:32.328 INFO  org.apache.catalina.core.StandardService          :173 
                [32m                  [0;39m Starting service [Tomcat]
2022-04-21 09:45:32.329 INFO  org.apache.catalina.core.StandardEngine           :173 
                [32m                  [0;39m Starting Servlet engine: [Apache Tomcat/9.0.60]
2022-04-21 09:45:32.446 INFO  o.a.c.core.ContainerBase.[Tomcat].[localhost].[/] :173 
                [32m                  [0;39m Initializing Spring embedded WebApplicationContext
2022-04-21 09:45:32.447 INFO  o.s.b.w.s.c.ServletWebServerApplicationContext    :290 
                [32m                  [0;39m Root WebApplicationContext: initialization completed in 816 ms
2022-04-21 09:45:32.684 INFO  org.apache.coyote.http11.Http11NioProtocol        :173 
                [32m                  [0;39m Starting ProtocolHandler ["http-nio-8882"]
2022-04-21 09:45:32.697 INFO  o.s.boot.web.embedded.tomcat.TomcatWebServer      :220 
                [32m                  [0;39m Tomcat started on port(s): 8882 (http) with context path ''
2022-04-21 09:45:32.704 INFO  com.zs.wikibb.WikibbApplication                   :61  
                [32m                  [0;39m Started WikibbApplication in 1.705 seconds (JVM running for 2.786)
2022-04-21 09:45:32.706 INFO  com.zs.wikibb.WikibbApplication                   :17  
                [32m                  [0;39m 启动成功！！
2022-04-21 09:45:32.707 INFO  com.zs.wikibb.WikibbApplication                   :18  
                [32m                  [0;39m 地址: 	http://127.0.0.1:8882
